<?xml version="1.0" encoding="UTF-8"?>
<testng-results ignored="0" total="1" passed="1" failed="0" skipped="0">
  <reporter-output>
  </reporter-output>
  <suite started-at="2025-08-12T17:52:23 IST" name="Default suite" finished-at="2025-08-12T17:52:50 IST" duration-ms="26910">
    <groups>
    </groups>
    <test started-at="2025-08-12T17:52:23 IST" name="Default test" finished-at="2025-08-12T17:52:50 IST" duration-ms="26910">
      <class name="com.ecom.Flipkart.Test.MakeMyTripTest">
        <test-method is-config="true" signature="configBS()[pri:0, instance:com.ecom.Flipkart.Test.MakeMyTripTest@11fc564b]" started-at="2025-08-12T17:52:23 IST" name="configBS" finished-at="2025-08-12T17:52:23 IST" duration-ms="68" status="PASS">
          <reporter-output>
          </reporter-output>
        </test-method> <!-- configBS -->
        <test-method is-config="true" signature="configBC()[pri:0, instance:com.ecom.Flipkart.Test.MakeMyTripTest@11fc564b]" started-at="2025-08-12T17:52:23 IST" name="configBC" finished-at="2025-08-12T17:52:27 IST" duration-ms="3901" status="PASS">
          <reporter-output>
          </reporter-output>
        </test-method> <!-- configBC -->
        <test-method is-config="true" signature="configBM()[pri:0, instance:com.ecom.Flipkart.Test.MakeMyTripTest@11fc564b]" started-at="2025-08-12T17:52:27 IST" name="configBM" finished-at="2025-08-12T17:52:27 IST" duration-ms="1" status="PASS">
          <reporter-output>
          </reporter-output>
        </test-method> <!-- configBM -->
        <test-method signature="makeMyTripTest()[pri:0, instance:com.ecom.Flipkart.Test.MakeMyTripTest@11fc564b]" started-at="2025-08-12T17:52:27 IST" name="makeMyTripTest" finished-at="2025-08-12T17:52:50 IST" duration-ms="22951" status="PASS">
          <reporter-output>
          </reporter-output>
        </test-method> <!-- makeMyTripTest -->
        <test-method is-config="true" signature="configAM()[pri:0, instance:com.ecom.Flipkart.Test.MakeMyTripTest@11fc564b]" started-at="2025-08-12T17:52:50 IST" name="configAM" finished-at="2025-08-12T17:52:50 IST" duration-ms="0" status="PASS">
          <reporter-output>
          </reporter-output>
        </test-method> <!-- configAM -->
        <test-method is-config="true" signature="configAC()[pri:0, instance:com.ecom.Flipkart.Test.MakeMyTripTest@11fc564b]" started-at="2025-08-12T17:52:50 IST" name="configAC" finished-at="2025-08-12T17:52:50 IST" duration-ms="0" status="PASS">
          <reporter-output>
          </reporter-output>
        </test-method> <!-- configAC -->
        <test-method is-config="true" signature="configAS()[pri:0, instance:com.ecom.Flipkart.Test.MakeMyTripTest@11fc564b]" started-at="2025-08-12T17:52:50 IST" name="configAS" finished-at="2025-08-12T17:52:50 IST" duration-ms="0" status="PASS">
          <reporter-output>
          </reporter-output>
        </test-method> <!-- configAS -->
      </class> <!-- com.ecom.Flipkart.Test.MakeMyTripTest -->
    </test> <!-- Default test -->
  </suite> <!-- Default suite -->
</testng-results>
