<?xml version="1.0" encoding="UTF-8"?>
<testng-results ignored="0" total="2" passed="2" failed="0" skipped="0">
  <reporter-output>
  </reporter-output>
  <suite started-at="2025-06-10T14:47:11 IST" name="Default suite" finished-at="2025-06-10T14:47:15 IST" duration-ms="3773">
    <groups>
    </groups>
    <test started-at="2025-06-10T14:47:11 IST" name="Default test" finished-at="2025-06-10T14:47:15 IST" duration-ms="3773">
      <class name="com.api.RestAssured.GetDataFromServer">
        <test-method signature="getDataFromServer()[pri:0, instance:com.api.RestAssured.GetDataFromServer@7dc0f706]" started-at="2025-06-10T14:47:12 IST" name="getDataFromServer" finished-at="2025-06-10T14:47:15 IST" duration-ms="3440" status="PASS">
          <reporter-output>
          </reporter-output>
        </test-method> <!-- getDataFromServer -->
        <test-method signature="postDataToServer()[pri:0, instance:com.api.RestAssured.GetDataFromServer@7dc0f706]" started-at="2025-06-10T14:47:15 IST" name="postDataToServer" finished-at="2025-06-10T14:47:15 IST" duration-ms="201" status="PASS">
          <reporter-output>
          </reporter-output>
        </test-method> <!-- postDataToServer -->
      </class> <!-- com.api.RestAssured.GetDataFromServer -->
    </test> <!-- Default test -->
  </suite> <!-- Default suite -->
</testng-results>
